#2026 07 12 10:56:07.968#Z#DEBUG#23bb74bf-7de0-11f1-86b9-eeee0a925f77.ramacapapp_02-srv#flowable-async-job-executor-thread-7988#
[PollStageAppStatusExecution] bb7b95f4-5f33-4b4b-9559-65837e6f7807 [2026-07-12T10:55:18.580006] Updated app with guid bb7b95f4-5f33-4b4b-9559-65837e6f7807 ({"lifecycle"=>{"data"=>{"buildpacks"=>["nodejs_buildpack"]}, "type"=>"buildpack"}}) (STDOUT, API)#
#2026 07 12 10:56:07.968#Z#DEBUG#23bb74bf-7de0-11f1-86b9-eeee0a925f77.ramacapapp_02-srv#flowable-async-job-executor-thread-7988#
[PollStageAppStatusExecution] bb7b95f4-5f33-4b4b-9559-65837e6f7807 [2026-07-12T10:55:18.682955] Updating process: "web" (STDOUT, API)#
#2026 07 12 10:56:07.968#Z#DEBUG#23bb74bf-7de0-11f1-86b9-eeee0a925f77.ramacapapp_02-srv#flowable-async-job-executor-thread-7988#
[PollStageAppStatusExecution] bb7b95f4-5f33-4b4b-9559-65837e6f7807 [2026-07-12T10:55:48.324300] Uploading app package for app with guid bb7b95f4-5f33-4b4b-9559-65837e6f7807 (STDOUT, API)#
#2026 07 12 10:56:07.968#Z#DEBUG#23bb74bf-7de0-11f1-86b9-eeee0a925f77.ramacapapp_02-srv#flowable-async-job-executor-thread-7988#
[PollStageAppStatusExecution] bb7b95f4-5f33-4b4b-9559-65837e6f7807 [2026-07-12T10:55:48.509788] Updated app with guid bb7b95f4-5f33-4b4b-9559-65837e6f7807 ({"environment_variables"=>"[PRIVATE DATA HIDDEN]"}) (STDOUT, API)#
#2026 07 12 10:56:07.968#Z#DEBUG#23bb74bf-7de0-11f1-86b9-eeee0a925f77.ramacapapp_02-srv#flowable-async-job-executor-thread-7988#
[PollStageAppStatusExecution] bb7b95f4-5f33-4b4b-9559-65837e6f7807 [2026-07-12T10:55:58.257667] Stopping app with guid bb7b95f4-5f33-4b4b-9559-65837e6f7807 (STDOUT, API)#
#2026 07 12 10:56:07.968#Z#DEBUG#23bb74bf-7de0-11f1-86b9-eeee0a925f77.ramacapapp_02-srv#flowable-async-job-executor-thread-7988#
[PollStageAppStatusExecution] bb7b95f4-5f33-4b4b-9559-65837e6f7807 [2026-07-12T10:55:58.298351] Cell 684caff8-89cd-492b-be01-b3d0835f1763 stopping instance a3bf4cde-5bb0-478a-69c3-704b (STDOUT, CELL)#
#2026 07 12 10:56:07.968#Z#DEBUG#23bb74bf-7de0-11f1-86b9-eeee0a925f77.ramacapapp_02-srv#flowable-async-job-executor-thread-7988#
[PollStageAppStatusExecution] bb7b95f4-5f33-4b4b-9559-65837e6f7807 [2026-07-12T10:55:58.464187] Creating build for app with guid bb7b95f4-5f33-4b4b-9559-65837e6f7807 (STDOUT, API)#
#2026 07 12 10:56:07.968#Z#DEBUG#23bb74bf-7de0-11f1-86b9-eeee0a925f77.ramacapapp_02-srv#flowable-async-job-executor-thread-7988#
[PollStageAppStatusExecution] bb7b95f4-5f33-4b4b-9559-65837e6f7807 [2026-07-12T10:55:58.938038] Downloading nodejs_buildpack... (STDOUT, STG)#
#2026 07 12 10:56:07.968#Z#DEBUG#23bb74bf-7de0-11f1-86b9-eeee0a925f77.ramacapapp_02-srv#flowable-async-job-executor-thread-7988#
[PollStageAppStatusExecution] bb7b95f4-5f33-4b4b-9559-65837e6f7807 [2026-07-12T10:55:58.985621] Downloaded nodejs_buildpack (STDOUT, STG)#
#2026 07 12 10:56:07.968#Z#DEBUG#23bb74bf-7de0-11f1-86b9-eeee0a925f77.ramacapapp_02-srv#flowable-async-job-executor-thread-7988#
[PollStageAppStatusExecution] bb7b95f4-5f33-4b4b-9559-65837e6f7807 [2026-07-12T10:55:58.985835] Cell d1cc041a-d5a1-41d6-b9f6-6cda736ce3f0 creating container for instance e79d8eb1-4fb0-477a-9342-6c3e6f3afa6c (STDOUT, STG)#
#2026 07 12 10:56:07.968#Z#DEBUG#23bb74bf-7de0-11f1-86b9-eeee0a925f77.ramacapapp_02-srv#flowable-async-job-executor-thread-7988#
[PollStageAppStatusExecution] bb7b95f4-5f33-4b4b-9559-65837e6f7807 [2026-07-12T10:55:59.766391] Security group rules were updated (STDOUT, STG)#
#2026 07 12 10:56:07.968#Z#DEBUG#23bb74bf-7de0-11f1-86b9-eeee0a925f77.ramacapapp_02-srv#flowable-async-job-executor-thread-7988#
[PollStageAppStatusExecution] bb7b95f4-5f33-4b4b-9559-65837e6f7807 [2026-07-12T10:55:59.866273] Cell d1cc041a-d5a1-41d6-b9f6-6cda736ce3f0 successfully created container for instance e79d8eb1-4fb0-477a-9342-6c3e6f3afa6c (STDOUT, STG)#
#2026 07 12 10:56:07.968#Z#DEBUG#23bb74bf-7de0-11f1-86b9-eeee0a925f77.ramacapapp_02-srv#flowable-async-job-executor-thread-7988#
[PollStageAppStatusExecution] bb7b95f4-5f33-4b4b-9559-65837e6f7807 [2026-07-12T10:56:00.169035] Downloading app package... (STDOUT, STG)#
#2026 07 12 10:56:07.968#Z#DEBUG#23bb74bf-7de0-11f1-86b9-eeee0a925f77.ramacapapp_02-srv#flowable-async-job-executor-thread-7988#
[PollStageAppStatusExecution] bb7b95f4-5f33-4b4b-9559-65837e6f7807 [2026-07-12T10:56:00.169035] Downloading build artifacts cache... (STDOUT, STG)#
#2026 07 12 10:56:07.968#Z#DEBUG#23bb74bf-7de0-11f1-86b9-eeee0a925f77.ramacapapp_02-srv#flowable-async-job-executor-thread-7988#
[PollStageAppStatusExecution] bb7b95f4-5f33-4b4b-9559-65837e6f7807 [2026-07-12T10:56:00.297984] Downloaded build artifacts cache (225B) (STDOUT, STG)#
#2026 07 12 10:56:07.968#Z#DEBUG#23bb74bf-7de0-11f1-86b9-eeee0a925f77.ramacapapp_02-srv#flowable-async-job-executor-thread-7988#
[PollStageAppStatusExecution] bb7b95f4-5f33-4b4b-9559-65837e6f7807 [2026-07-12T10:56:01.447598] Downloaded app package (9M) (STDOUT, STG)#
#2026 07 12 10:56:07.968#Z#DEBUG#23bb74bf-7de0-11f1-86b9-eeee0a925f77.ramacapapp_02-srv#flowable-async-job-executor-thread-7988#
[PollStageAppStatusExecution] bb7b95f4-5f33-4b4b-9559-65837e6f7807 [2026-07-12T10:56:01.592659] -----> Nodejs Buildpack version 1.9.2 (STDOUT, STG)#
#2026 07 12 10:56:07.968#Z#DEBUG#23bb74bf-7de0-11f1-86b9-eeee0a925f77.ramacapapp_02-srv#flowable-async-job-executor-thread-7988#
[PollStageAppStatusExecution] bb7b95f4-5f33-4b4b-9559-65837e6f7807 [2026-07-12T10:56:02.071388] -----> Bootstrapping python (STDOUT, STG)#
#2026 07 12 10:56:07.968#Z#DEBUG#23bb74bf-7de0-11f1-86b9-eeee0a925f77.ramacapapp_02-srv#flowable-async-job-executor-thread-7988#
[PollStageAppStatusExecution] bb7b95f4-5f33-4b4b-9559-65837e6f7807 [2026-07-12T10:56:02.071429] -----> Installing python 3.13.13 (STDOUT, STG)#
#2026 07 12 10:56:07.968#Z#DEBUG#23bb74bf-7de0-11f1-86b9-eeee0a925f77.ramacapapp_02-srv#flowable-async-job-executor-thread-7988#
[PollStageAppStatusExecution] bb7b95f4-5f33-4b4b-9559-65837e6f7807 [2026-07-12T10:56:02.071494] Copy [/tmp/buildpacks/17bd89c67d092631/dependencies/268a5e3743d51a14b86ea9da64439307/python_3.13.13_linux_x64_cflinuxfs4_8311abbf.tgz] (STDOUT, STG)#
#2026 07 12 10:56:07.968#Z#DEBUG#23bb74bf-7de0-11f1-86b9-eeee0a925f77.ramacapapp_02-srv#flowable-async-job-executor-thread-7988#
[PollStageAppStatusExecution] bb7b95f4-5f33-4b4b-9559-65837e6f7807 [2026-07-12T10:56:06.770857] -----> Installing binaries (STDOUT, STG)#
#2026 07 12 10:56:07.968#Z#DEBUG#23bb74bf-7de0-11f1-86b9-eeee0a925f77.ramacapapp_02-srv#flowable-async-job-executor-thread-7988#
[PollStageAppStatusExecution] bb7b95f4-5f33-4b4b-9559-65837e6f7807 [2026-07-12T10:56:06.770908] engines.node (package.json): >=20 (STDOUT, STG)#
#2026 07 12 10:56:07.968#Z#DEBUG#23bb74bf-7de0-11f1-86b9-eeee0a925f77.ramacapapp_02-srv#flowable-async-job-executor-thread-7988#
[PollStageAppStatusExecution] bb7b95f4-5f33-4b4b-9559-65837e6f7807 [2026-07-12T10:56:06.770912] engines.npm (package.json): unspecified (use default) (STDOUT, STG)#
#2026 07 12 10:56:07.968#Z#DEBUG#23bb74bf-7de0-11f1-86b9-eeee0a925f77.ramacapapp_02-srv#flowable-async-job-executor-thread-7988#
[PollStageAppStatusExecution] bb7b95f4-5f33-4b4b-9559-65837e6f7807 [2026-07-12T10:56:06.770947] [31;1m**WARNING**[0m Dangerous semver range (>) in engines.node. See: http://docs.cloudfoundry.org/buildpacks/node/node-tips.html (STDOUT, STG)#
#2026 07 12 10:56:07.968#Z#DEBUG#23bb74bf-7de0-11f1-86b9-eeee0a925f77.ramacapapp_02-srv#flowable-async-job-executor-thread-7988#
[PollStageAppStatusExecution] bb7b95f4-5f33-4b4b-9559-65837e6f7807 [2026-07-12T10:56:06.771024] -----> Installing node 24.15.0 (STDOUT, STG)#
#2026 07 12 10:56:07.968#Z#DEBUG#23bb74bf-7de0-11f1-86b9-eeee0a925f77.ramacapapp_02-srv#flowable-async-job-executor-thread-7988#
[PollStageAppStatusExecution] bb7b95f4-5f33-4b4b-9559-65837e6f7807 [2026-07-12T10:56:06.771209] Copy [/tmp/buildpacks/17bd89c67d092631/dependencies/6441e97e6386f47ec4c16cfdf8db0a17/node_24.15.0_linux_x64_cflinuxfs4_1a62d98b.tgz] (STDOUT, STG)#
#2026 07 12 10:56:17.974#Z#DEBUG#23bb74bf-7de0-11f1-86b9-eeee0a925f77.ramacapapp_02-srv#flowable-async-job-executor-thread-21848#
[PollStageAppStatusExecution] bb7b95f4-5f33-4b4b-9559-65837e6f7807 [2026-07-12T10:56:09.373199] Using default npm version: 11.12.1 (STDOUT, STG)#
#2026 07 12 10:56:17.974#Z#DEBUG#23bb74bf-7de0-11f1-86b9-eeee0a925f77.ramacapapp_02-srv#flowable-async-job-executor-thread-21848#
[PollStageAppStatusExecution] bb7b95f4-5f33-4b4b-9559-65837e6f7807 [2026-07-12T10:56:09.373227] -----> Installing yarn 1.22.22 (STDOUT, STG)#
#2026 07 12 10:56:17.974#Z#DEBUG#23bb74bf-7de0-11f1-86b9-eeee0a925f77.ramacapapp_02-srv#flowable-async-job-executor-thread-21848#
[PollStageAppStatusExecution] bb7b95f4-5f33-4b4b-9559-65837e6f7807 [2026-07-12T10:56:09.373311] Copy [/tmp/buildpacks/17bd89c67d092631/dependencies/e4fe26756e9984a665478d350474fa2e/yarn_1.22.22_linux_noarch_any-stack_b6132b86.tgz] (STDOUT, STG)#
#2026 07 12 10:56:17.974#Z#DEBUG#23bb74bf-7de0-11f1-86b9-eeee0a925f77.ramacapapp_02-srv#flowable-async-job-executor-thread-21848#
[PollStageAppStatusExecution] bb7b95f4-5f33-4b4b-9559-65837e6f7807 [2026-07-12T10:56:09.784471] Installed yarn 1.22.22 (STDOUT, STG)#
#2026 07 12 10:56:17.974#Z#DEBUG#23bb74bf-7de0-11f1-86b9-eeee0a925f77.ramacapapp_02-srv#flowable-async-job-executor-thread-21848#
[PollStageAppStatusExecution] bb7b95f4-5f33-4b4b-9559-65837e6f7807 [2026-07-12T10:56:09.784500] -----> Creating runtime environment (STDOUT, STG)#
#2026 07 12 10:56:17.974#Z#DEBUG#23bb74bf-7de0-11f1-86b9-eeee0a925f77.ramacapapp_02-srv#flowable-async-job-executor-thread-21848#
[PollStageAppStatusExecution] bb7b95f4-5f33-4b4b-9559-65837e6f7807 [2026-07-12T10:56:09.787389] NODE_ENV=production (STDOUT, STG)#
#2026 07 12 10:56:17.974#Z#DEBUG#23bb74bf-7de0-11f1-86b9-eeee0a925f77.ramacapapp_02-srv#flowable-async-job-executor-thread-21848#
[PollStageAppStatusExecution] bb7b95f4-5f33-4b4b-9559-65837e6f7807 [2026-07-12T10:56:09.787411] NODE_HOME=/tmp/contents3440856634/deps/0/node (STDOUT, STG)#
#2026 07 12 10:56:17.974#Z#DEBUG#23bb74bf-7de0-11f1-86b9-eeee0a925f77.ramacapapp_02-srv#flowable-async-job-executor-thread-21848#
[PollStageAppStatusExecution] bb7b95f4-5f33-4b4b-9559-65837e6f7807 [2026-07-12T10:56:09.787414] NODE_MODULES_CACHE=true (STDOUT, STG)#
#2026 07 12 10:56:17.974#Z#DEBUG#23bb74bf-7de0-11f1-86b9-eeee0a925f77.ramacapapp_02-srv#flowable-async-job-executor-thread-21848#
[PollStageAppStatusExecution] bb7b95f4-5f33-4b4b-9559-65837e6f7807 [2026-07-12T10:56:09.787417] NODE_VERBOSE=false (STDOUT, STG)#
#2026 07 12 10:56:17.974#Z#DEBUG#23bb74bf-7de0-11f1-86b9-eeee0a925f77.ramacapapp_02-srv#flowable-async-job-executor-thread-21848#
[PollStageAppStatusExecution] bb7b95f4-5f33-4b4b-9559-65837e6f7807 [2026-07-12T10:56:09.787419] NPM_CONFIG_LOGLEVEL=error (STDOUT, STG)#
#2026 07 12 10:56:17.974#Z#DEBUG#23bb74bf-7de0-11f1-86b9-eeee0a925f77.ramacapapp_02-srv#flowable-async-job-executor-thread-21848#
[PollStageAppStatusExecution] bb7b95f4-5f33-4b4b-9559-65837e6f7807 [2026-07-12T10:56:09.787423] NPM_CONFIG_PRODUCTION=true (STDOUT, STG)#
#2026 07 12 10:56:17.974#Z#DEBUG#23bb74bf-7de0-11f1-86b9-eeee0a925f77.ramacapapp_02-srv#flowable-async-job-executor-thread-21848#
[PollStageAppStatusExecution] bb7b95f4-5f33-4b4b-9559-65837e6f7807 [2026-07-12T10:56:09.787429] -----> Building dependencies (STDOUT, STG)#
#2026 07 12 10:56:17.974#Z#DEBUG#23bb74bf-7de0-11f1-86b9-eeee0a925f77.ramacapapp_02-srv#flowable-async-job-executor-thread-21848#
[PollStageAppStatusExecution] bb7b95f4-5f33-4b4b-9559-65837e6f7807 [2026-07-12T10:56:09.787432] Prebuild detected (node_modules already exists) (STDOUT, STG)#
#2026 07 12 10:56:17.974#Z#DEBUG#23bb74bf-7de0-11f1-86b9-eeee0a925f77.ramacapapp_02-srv#flowable-async-job-executor-thread-21848#
[PollStageAppStatusExecution] bb7b95f4-5f33-4b4b-9559-65837e6f7807 [2026-07-12T10:56:09.787434] Rebuilding any native modules (STDOUT, STG)#
#2026 07 12 10:56:17.974#Z#DEBUG#23bb74bf-7de0-11f1-86b9-eeee0a925f77.ramacapapp_02-srv#flowable-async-job-executor-thread-21848#
[PollStageAppStatusExecution] bb7b95f4-5f33-4b4b-9559-65837e6f7807 [2026-07-12T10:56:10.597372] rebuilt dependencies successfully (STDOUT, STG)#
#2026 07 12 10:56:17.974#Z#DEBUG#23bb74bf-7de0-11f1-86b9-eeee0a925f77.ramacapapp_02-srv#flowable-async-job-executor-thread-21848#
[PollStageAppStatusExecution] bb7b95f4-5f33-4b4b-9559-65837e6f7807 [2026-07-12T10:56:10.599417] npm notice (STDOUT, STG)#
#2026 07 12 10:56:17.974#Z#DEBUG#23bb74bf-7de0-11f1-86b9-eeee0a925f77.ramacapapp_02-srv#flowable-async-job-executor-thread-21848#
[PollStageAppStatusExecution] bb7b95f4-5f33-4b4b-9559-65837e6f7807 [2026-07-12T10:56:10.599444] npm notice New major version of npm available! 11.12.1 -> 12.0.1 (STDOUT, STG)#
#2026 07 12 10:56:17.974#Z#DEBUG#23bb74bf-7de0-11f1-86b9-eeee0a925f77.ramacapapp_02-srv#flowable-async-job-executor-thread-21848#
[PollStageAppStatusExecution] bb7b95f4-5f33-4b4b-9559-65837e6f7807 [2026-07-12T10:56:10.599449] npm notice Changelog: https://github.com/npm/cli/releases/tag/v12.0.1 (STDOUT, STG)#
#2026 07 12 10:56:17.974#Z#DEBUG#23bb74bf-7de0-11f1-86b9-eeee0a925f77.ramacapapp_02-srv#flowable-async-job-executor-thread-21848#
[PollStageAppStatusExecution] bb7b95f4-5f33-4b4b-9559-65837e6f7807 [2026-07-12T10:56:10.599452] npm notice To update run: npm install -g npm@12.0.1 (STDOUT, STG)#
#2026 07 12 10:56:17.974#Z#DEBUG#23bb74bf-7de0-11f1-86b9-eeee0a925f77.ramacapapp_02-srv#flowable-async-job-executor-thread-21848#
[PollStageAppStatusExecution] bb7b95f4-5f33-4b4b-9559-65837e6f7807 [2026-07-12T10:56:10.599454] npm notice (STDOUT, STG)#
#2026 07 12 10:56:17.974#Z#DEBUG#23bb74bf-7de0-11f1-86b9-eeee0a925f77.ramacapapp_02-srv#flowable-async-job-executor-thread-21848#
[PollStageAppStatusExecution] bb7b95f4-5f33-4b4b-9559-65837e6f7807 [2026-07-12T10:56:10.667343] Installing any new modules (package.json + package-lock.json) (STDOUT, STG)#
#2026 07 12 10:56:17.974#Z#DEBUG#23bb74bf-7de0-11f1-86b9-eeee0a925f77.ramacapapp_02-srv#flowable-async-job-executor-thread-21848#
[PollStageAppStatusExecution] bb7b95f4-5f33-4b4b-9559-65837e6f7807 [2026-07-12T10:56:11.862874] removed 75 packages in 1s (STDOUT, STG)#
#2026 07 12 10:56:17.974#Z#DEBUG#23bb74bf-7de0-11f1-86b9-eeee0a925f77.ramacapapp_02-srv#flowable-async-job-executor-thread-21848#
[PollStageAppStatusExecution] bb7b95f4-5f33-4b4b-9559-65837e6f7807 [2026-07-12T10:56:11.863011] 29 packages are looking for funding (STDOUT, STG)#
#2026 07 12 10:56:17.974#Z#DEBUG#23bb74bf-7de0-11f1-86b9-eeee0a925f77.ramacapapp_02-srv#flowable-async-job-executor-thread-21848#
[PollStageAppStatusExecution] bb7b95f4-5f33-4b4b-9559-65837e6f7807 [2026-07-12T10:56:11.863178] run `npm fund` for details (STDOUT, STG)#
#2026 07 12 10:56:17.974#Z#DEBUG#23bb74bf-7de0-11f1-86b9-eeee0a925f77.ramacapapp_02-srv#flowable-async-job-executor-thread-21848#
[PollStageAppStatusExecution] bb7b95f4-5f33-4b4b-9559-65837e6f7807 [2026-07-12T10:56:12.834479] Contrast Security no credentials found. Will not write environment files. (STDOUT, STG)#
#2026 07 12 10:56:28.007#Z#DEBUG#23bb74bf-7de0-11f1-86b9-eeee0a925f77.ramacapapp_02-srv#flowable-async-job-executor-thread-21856#
[PollStageAppStatusExecution] bb7b95f4-5f33-4b4b-9559-65837e6f7807 [2026-07-12T10:56:23.272314] Exit status 0 (STDOUT, STG)#
#2026 07 12 10:56:28.007#Z#DEBUG#23bb74bf-7de0-11f1-86b9-eeee0a925f77.ramacapapp_02-srv#flowable-async-job-executor-thread-21856#
[PollStageAppStatusExecution] bb7b95f4-5f33-4b4b-9559-65837e6f7807 [2026-07-12T10:56:23.272376] Uploading droplet, build artifacts cache... (STDOUT, STG)#
#2026 07 12 10:56:28.007#Z#DEBUG#23bb74bf-7de0-11f1-86b9-eeee0a925f77.ramacapapp_02-srv#flowable-async-job-executor-thread-21856#
[PollStageAppStatusExecution] bb7b95f4-5f33-4b4b-9559-65837e6f7807 [2026-07-12T10:56:23.272416] Uploading droplet... (STDOUT, STG)#
#2026 07 12 10:56:28.007#Z#DEBUG#23bb74bf-7de0-11f1-86b9-eeee0a925f77.ramacapapp_02-srv#flowable-async-job-executor-thread-21856#
[PollStageAppStatusExecution] bb7b95f4-5f33-4b4b-9559-65837e6f7807 [2026-07-12T10:56:23.272584] Uploading build artifacts cache... (STDOUT, STG)#
#2026 07 12 10:56:28.007#Z#DEBUG#23bb74bf-7de0-11f1-86b9-eeee0a925f77.ramacapapp_02-srv#flowable-async-job-executor-thread-21856#
[PollStageAppStatusExecution] bb7b95f4-5f33-4b4b-9559-65837e6f7807 [2026-07-12T10:56:23.302517] Uploaded build artifacts cache (222B) (STDOUT, STG)#
#2026 07 12 10:56:28.007#Z#DEBUG#23bb74bf-7de0-11f1-86b9-eeee0a925f77.ramacapapp_02-srv#flowable-async-job-executor-thread-21856#
[PollStageAppStatusExecution] bb7b95f4-5f33-4b4b-9559-65837e6f7807 [2026-07-12T10:56:24.142941] Creating droplet for app with guid bb7b95f4-5f33-4b4b-9559-65837e6f7807 (STDOUT, API)#
#2026 07 12 10:56:28.007#Z#DEBUG#23bb74bf-7de0-11f1-86b9-eeee0a925f77.ramacapapp_02-srv#flowable-async-job-executor-thread-21856#
[PollStageAppStatusExecution] bb7b95f4-5f33-4b4b-9559-65837e6f7807 [2026-07-12T10:56:26.211516] Uploaded droplet (61.1M) (STDOUT, STG)#
#2026 07 12 10:56:28.007#Z#DEBUG#23bb74bf-7de0-11f1-86b9-eeee0a925f77.ramacapapp_02-srv#flowable-async-job-executor-thread-21856#
[PollStageAppStatusExecution] bb7b95f4-5f33-4b4b-9559-65837e6f7807 [2026-07-12T10:56:26.235598] Uploading complete (STDOUT, STG)#
#2026 07 12 10:56:28.007#Z#DEBUG#23bb74bf-7de0-11f1-86b9-eeee0a925f77.ramacapapp_02-srv#flowable-async-job-executor-thread-21856#
[PollStageAppStatusExecution] bb7b95f4-5f33-4b4b-9559-65837e6f7807 [2026-07-12T10:56:26.909404] Cell d1cc041a-d5a1-41d6-b9f6-6cda736ce3f0 stopping instance e79d8eb1-4fb0-477a-9342-6c3e6f3afa6c (STDOUT, STG)#
#2026 07 12 10:56:28.007#Z#DEBUG#23bb74bf-7de0-11f1-86b9-eeee0a925f77.ramacapapp_02-srv#flowable-async-job-executor-thread-21856#
[PollStageAppStatusExecution] bb7b95f4-5f33-4b4b-9559-65837e6f7807 [2026-07-12T10:56:26.909484] Cell d1cc041a-d5a1-41d6-b9f6-6cda736ce3f0 destroying container for instance e79d8eb1-4fb0-477a-9342-6c3e6f3afa6c (STDOUT, STG)#
#2026 07 12 10:56:28.007#Z#DEBUG#23bb74bf-7de0-11f1-86b9-eeee0a925f77.ramacapapp_02-srv#flowable-async-job-executor-thread-21856#
[PollStageAppStatusExecution] bb7b95f4-5f33-4b4b-9559-65837e6f7807 [2026-07-12T10:56:26.959263] Staging complete for build e79d8eb1-4fb0-477a-9342-6c3e6f3afa6c (STDOUT, API)#
#2026 07 12 10:56:38.049#Z#DEBUG#23bb74bf-7de0-11f1-86b9-eeee0a925f77.ramacapapp_02-srv#flowable-async-job-executor-thread-21860#
[PollStartAppStatusExecution] bb7b95f4-5f33-4b4b-9559-65837e6f7807 [2026-07-12T10:56:28.075185] Updated app with guid bb7b95f4-5f33-4b4b-9559-65837e6f7807 ({:droplet_guid=>"5db9c26c-3b82-4f10-b96f-aa240742eeaf"}) (STDOUT, API)#
#2026 07 12 10:56:38.049#Z#DEBUG#23bb74bf-7de0-11f1-86b9-eeee0a925f77.ramacapapp_02-srv#flowable-async-job-executor-thread-21860#
[PollStartAppStatusExecution] bb7b95f4-5f33-4b4b-9559-65837e6f7807 [2026-07-12T10:56:28.260195] Creating revision for app with guid bb7b95f4-5f33-4b4b-9559-65837e6f7807 (STDOUT, API)#
#2026 07 12 10:56:38.049#Z#DEBUG#23bb74bf-7de0-11f1-86b9-eeee0a925f77.ramacapapp_02-srv#flowable-async-job-executor-thread-21860#
[PollStartAppStatusExecution] bb7b95f4-5f33-4b4b-9559-65837e6f7807 [2026-07-12T10:56:28.302063] Starting app with guid bb7b95f4-5f33-4b4b-9559-65837e6f7807 (STDOUT, API)#
#2026 07 12 10:56:38.049#Z#DEBUG#23bb74bf-7de0-11f1-86b9-eeee0a925f77.ramacapapp_02-srv#flowable-async-job-executor-thread-21860#
[PollStartAppStatusExecution] bb7b95f4-5f33-4b4b-9559-65837e6f7807 [2026-07-12T10:56:28.582757] Cell 77283d80-dfa7-40ba-ba4e-265aef112085 creating container for instance 4c288c76-3fb4-4f03-6589-d984 (STDOUT, CELL)#
#2026 07 12 10:56:38.049#Z#DEBUG#23bb74bf-7de0-11f1-86b9-eeee0a925f77.ramacapapp_02-srv#flowable-async-job-executor-thread-21860#
[PollStartAppStatusExecution] bb7b95f4-5f33-4b4b-9559-65837e6f7807 [2026-07-12T10:56:29.346010] Security group rules were updated (STDOUT, CELL)#
#2026 07 12 10:56:38.049#Z#DEBUG#23bb74bf-7de0-11f1-86b9-eeee0a925f77.ramacapapp_02-srv#flowable-async-job-executor-thread-21860#
[PollStartAppStatusExecution] bb7b95f4-5f33-4b4b-9559-65837e6f7807 [2026-07-12T10:56:29.727677] Cell 77283d80-dfa7-40ba-ba4e-265aef112085 successfully created container for instance 4c288c76-3fb4-4f03-6589-d984 (STDOUT, CELL)#
#2026 07 12 10:56:38.049#Z#DEBUG#23bb74bf-7de0-11f1-86b9-eeee0a925f77.ramacapapp_02-srv#flowable-async-job-executor-thread-21860#
[PollStartAppStatusExecution] bb7b95f4-5f33-4b4b-9559-65837e6f7807 [2026-07-12T10:56:29.913230] Cell d1cc041a-d5a1-41d6-b9f6-6cda736ce3f0 successfully destroyed container for instance e79d8eb1-4fb0-477a-9342-6c3e6f3afa6c (STDOUT, STG)#
#2026 07 12 10:56:38.049#Z#DEBUG#23bb74bf-7de0-11f1-86b9-eeee0a925f77.ramacapapp_02-srv#flowable-async-job-executor-thread-21860#
[PollStartAppStatusExecution] bb7b95f4-5f33-4b4b-9559-65837e6f7807 [2026-07-12T10:56:31.068230] Downloading droplet... (STDOUT, CELL)#
#2026 07 12 10:56:38.049#Z#DEBUG#23bb74bf-7de0-11f1-86b9-eeee0a925f77.ramacapapp_02-srv#flowable-async-job-executor-thread-21860#
[PollStartAppStatusExecution] bb7b95f4-5f33-4b4b-9559-65837e6f7807 [2026-07-12T10:56:35.271767] Downloaded droplet (61.1M) (STDOUT, CELL)#
#2026 07 12 10:56:38.049#Z#DEBUG#23bb74bf-7de0-11f1-86b9-eeee0a925f77.ramacapapp_02-srv#flowable-async-job-executor-thread-21860#
[PollStartAppStatusExecution] bb7b95f4-5f33-4b4b-9559-65837e6f7807 [2026-07-12T10:56:35.272204] Starting health monitoring of container (STDOUT, CELL)#
#2026 07 12 10:56:38.049#Z#DEBUG#23bb74bf-7de0-11f1-86b9-eeee0a925f77.ramacapapp_02-srv#flowable-async-job-executor-thread-21860#
[PollStartAppStatusExecution] bb7b95f4-5f33-4b4b-9559-65837e6f7807 [2026-07-12T10:56:35.403047] Invoking pre-start scripts. (STDOUT, APP/PROC/WEB)#
#2026 07 12 10:56:38.049#Z#DEBUG#23bb74bf-7de0-11f1-86b9-eeee0a925f77.ramacapapp_02-srv#flowable-async-job-executor-thread-21860#
[PollStartAppStatusExecution] bb7b95f4-5f33-4b4b-9559-65837e6f7807 [2026-07-12T10:56:35.620130] Invoking start command. (STDOUT, APP/PROC/WEB)#
#2026 07 12 10:56:38.049#Z#DEBUG#23bb74bf-7de0-11f1-86b9-eeee0a925f77.ramacapapp_02-srv#flowable-async-job-executor-thread-21860#
[PollStartAppStatusExecution] bb7b95f4-5f33-4b4b-9559-65837e6f7807 [2026-07-12T10:56:36.072736] > ramacappapp_02-ui@1.0.0 start (STDOUT, APP/PROC/WEB)#
#2026 07 12 10:56:38.049#Z#DEBUG#23bb74bf-7de0-11f1-86b9-eeee0a925f77.ramacapapp_02-srv#flowable-async-job-executor-thread-21860#
[PollStartAppStatusExecution] bb7b95f4-5f33-4b4b-9559-65837e6f7807 [2026-07-12T10:56:36.072797] > cds-serve (STDOUT, APP/PROC/WEB)#
#2026 07 12 10:56:38.049#Z#DEBUG#23bb74bf-7de0-11f1-86b9-eeee0a925f77.ramacapapp_02-srv#flowable-async-job-executor-thread-21860#
[PollStartAppStatusExecution] bb7b95f4-5f33-4b4b-9559-65837e6f7807 [2026-07-12T10:56:36.553376] {"level":"info","logger":"cds","timestamp":"2026-07-12T10:56:36.551Z","layer":"cds","component_type":"application","container_id":"10.32.3.6","component_id":"bb7b95f4-5f33-4b4b-9559-65837e6f7807","component_name":"ramacapapp_02-srv","component_instance":0,"source_instance":0,"organization_name":"12f4d3f1trial","organization_id":"1c00b9fa-cfb2-45b3-a0be-1f7b66c643c8","space_name":"dev","space_id":"6216a972-d7d0-46cc-9744-fc157a0f2da8","msg":"loaded model from 1 file(s):\n ","type":"log"} (STDOUT, APP/PROC/WEB)#
#2026 07 12 10:56:38.049#Z#DEBUG#23bb74bf-7de0-11f1-86b9-eeee0a925f77.ramacapapp_02-srv#flowable-async-job-executor-thread-21860#
[PollStartAppStatusExecution] bb7b95f4-5f33-4b4b-9559-65837e6f7807 [2026-07-12T10:56:36.553621] srv/csn.json (STDOUT, APP/PROC/WEB)#
#2026 07 12 10:56:38.049#Z#DEBUG#23bb74bf-7de0-11f1-86b9-eeee0a925f77.ramacapapp_02-srv#flowable-async-job-executor-thread-21860#
[PollStartAppStatusExecution] bb7b95f4-5f33-4b4b-9559-65837e6f7807 [2026-07-12T10:56:36.829937] {"level":"info","logger":"cds","timestamp":"2026-07-12T10:56:36.829Z","layer":"cds","component_type":"application","container_id":"10.32.3.6","component_id":"bb7b95f4-5f33-4b4b-9559-65837e6f7807","component_name":"ramacapapp_02-srv","component_instance":0,"source_instance":0,"organization_name":"12f4d3f1trial","organization_id":"1c00b9fa-cfb2-45b3-a0be-1f7b66c643c8","space_name":"dev","space_id":"6216a972-d7d0-46cc-9744-fc157a0f2da8","msg":"connect to db > hana {\n  database_id: 'ef15aefa-4029-4c10-92ca-5a94fcccd929',\n  host: 'ef15aefa-4029-4c10-92ca-5a94fcccd929.hna1.prod-us10.hanacloud.ondemand.com',\n  port: '443',\n  driver: 'com.sap.db.jdbc.Driver',\n  url: 'jdbc:sap://ef15aefa-4029-4c10-92ca-5a94fcccd929.hna1.prod-us10.hanacloud.ondemand.com:443?encrypt=true&validateCertificate=true&currentschema=8005B00F06064D39A417560574D2BAE0',\n  schema: '8005B00F06064D39A417560574D2BAE0',\n  certificate: '...',\n  hdi_user: '8005B00F06064D39A417560574D2BAE0_8TUNSKZBXBVZUTR7JMASTQ359_DT',\n  hdi_password: '...',\n  user: '8005B00F06064D39A417560574D2BAE0_8TUNSKZBXBVZUTR7JMASTQ359_RT',\n  password: '...'\n}","type":"log"} (STDOUT, APP/PROC/WEB)#
#2026 07 12 10:56:38.049#Z#DEBUG#23bb74bf-7de0-11f1-86b9-eeee0a925f77.ramacapapp_02-srv#flowable-async-job-executor-thread-21860#
[PollStartAppStatusExecution] bb7b95f4-5f33-4b4b-9559-65837e6f7807 [2026-07-12T10:56:36.859484] {"level":"info","logger":"cds","timestamp":"2026-07-12T10:56:36.859Z","layer":"cds","component_type":"application","container_id":"10.32.3.6","component_id":"bb7b95f4-5f33-4b4b-9559-65837e6f7807","component_name":"ramacapapp_02-srv","component_instance":0,"source_instance":0,"organization_name":"12f4d3f1trial","organization_id":"1c00b9fa-cfb2-45b3-a0be-1f7b66c643c8","space_name":"dev","space_id":"6216a972-d7d0-46cc-9744-fc157a0f2da8","msg":"using auth strategy { kind: 'xsuaa' }","type":"log"} (STDOUT, APP/PROC/WEB)#
#2026 07 12 10:56:38.049#Z#DEBUG#23bb74bf-7de0-11f1-86b9-eeee0a925f77.ramacapapp_02-srv#flowable-async-job-executor-thread-21860#
[PollStartAppStatusExecution] bb7b95f4-5f33-4b4b-9559-65837e6f7807 [2026-07-12T10:56:36.906091] {"level":"info","logger":"cds","timestamp":"2026-07-12T10:56:36.905Z","layer":"cds","component_type":"application","container_id":"10.32.3.6","component_id":"bb7b95f4-5f33-4b4b-9559-65837e6f7807","component_name":"ramacapapp_02-srv","component_instance":0,"source_instance":0,"organization_name":"12f4d3f1trial","organization_id":"1c00b9fa-cfb2-45b3-a0be-1f7b66c643c8","space_name":"dev","space_id":"6216a972-d7d0-46cc-9744-fc157a0f2da8","msg":"serving CDSService {\n  at: [ '/odata/v4/CDSService' ],\n  decl: 'srv/csn.json:1234',\n  impl: 'srv/CDSService.js'\n}","type":"log"} (STDOUT, APP/PROC/WEB)#
#2026 07 12 10:56:38.049#Z#DEBUG#23bb74bf-7de0-11f1-86b9-eeee0a925f77.ramacapapp_02-srv#flowable-async-job-executor-thread-21860#
[PollStartAppStatusExecution] bb7b95f4-5f33-4b4b-9559-65837e6f7807 [2026-07-12T10:56:36.906934] {"level":"info","logger":"cds","timestamp":"2026-07-12T10:56:36.906Z","layer":"cds","component_type":"application","container_id":"10.32.3.6","component_id":"bb7b95f4-5f33-4b4b-9559-65837e6f7807","component_name":"ramacapapp_02-srv","component_instance":0,"source_instance":0,"organization_name":"12f4d3f1trial","organization_id":"1c00b9fa-cfb2-45b3-a0be-1f7b66c643c8","space_name":"dev","space_id":"6216a972-d7d0-46cc-9744-fc157a0f2da8","msg":"serving CatalogService {\n  at: [ '/odata/v4/CatalogService' ],\n  decl: 'srv/csn.json:1386',\n  impl: 'srv/CatalogService.js'\n}","type":"log"} (STDOUT, APP/PROC/WEB)#
#2026 07 12 10:56:38.049#Z#DEBUG#23bb74bf-7de0-11f1-86b9-eeee0a925f77.ramacapapp_02-srv#flowable-async-job-executor-thread-21860#
[PollStartAppStatusExecution] bb7b95f4-5f33-4b4b-9559-65837e6f7807 [2026-07-12T10:56:36.907463] {"level":"info","logger":"cds","timestamp":"2026-07-12T10:56:36.907Z","layer":"cds","component_type":"application","container_id":"10.32.3.6","component_id":"bb7b95f4-5f33-4b4b-9559-65837e6f7807","component_name":"ramacapapp_02-srv","component_instance":0,"source_instance":0,"organization_name":"12f4d3f1trial","organization_id":"1c00b9fa-cfb2-45b3-a0be-1f7b66c643c8","space_name":"dev","space_id":"6216a972-d7d0-46cc-9744-fc157a0f2da8","msg":"serving MyService {\n  at: [ '/odata/v4/MyService' ],\n  decl: 'srv/csn.json:2525',\n  impl: 'srv/MyService.js'\n}","type":"log"} (STDOUT, APP/PROC/WEB)#
#2026 07 12 10:56:38.050#Z#DEBUG#23bb74bf-7de0-11f1-86b9-eeee0a925f77.ramacapapp_02-srv#flowable-async-job-executor-thread-21860#
[PollStartAppStatusExecution] bb7b95f4-5f33-4b4b-9559-65837e6f7807 [2026-07-12T10:56:36.919291] {"level":"info","logger":"cds","timestamp":"2026-07-12T10:56:36.918Z","layer":"cds","component_type":"application","container_id":"10.32.3.6","component_id":"bb7b95f4-5f33-4b4b-9559-65837e6f7807","component_name":"ramacapapp_02-srv","component_instance":0,"source_instance":0,"organization_name":"12f4d3f1trial","organization_id":"1c00b9fa-cfb2-45b3-a0be-1f7b66c643c8","space_name":"dev","space_id":"6216a972-d7d0-46cc-9744-fc157a0f2da8","msg":"server listening on { url: 'http://localhost:8080' }","type":"log"} (STDOUT, APP/PROC/WEB)#
#2026 07 12 10:56:38.050#Z#DEBUG#23bb74bf-7de0-11f1-86b9-eeee0a925f77.ramacapapp_02-srv#flowable-async-job-executor-thread-21860#
[PollStartAppStatusExecution] bb7b95f4-5f33-4b4b-9559-65837e6f7807 [2026-07-12T10:56:36.920728] {"level":"info","logger":"cds","timestamp":"2026-07-12T10:56:36.920Z","layer":"cds","component_type":"application","container_id":"10.32.3.6","component_id":"bb7b95f4-5f33-4b4b-9559-65837e6f7807","component_name":"ramacapapp_02-srv","component_instance":0,"source_instance":0,"organization_name":"12f4d3f1trial","organization_id":"1c00b9fa-cfb2-45b3-a0be-1f7b66c643c8","space_name":"dev","space_id":"6216a972-d7d0-46cc-9744-fc157a0f2da8","msg":"server v9.9.1 launched in 836 ms","type":"log"} (STDOUT, APP/PROC/WEB)#
#2026 07 12 10:56:48.024#Z#DEBUG#23bb74bf-7de0-11f1-86b9-eeee0a925f77.ramacapapp_02-srv#flowable-async-job-executor-thread-21867#
[PollStartAppStatusExecution] bb7b95f4-5f33-4b4b-9559-65837e6f7807 [2026-07-12T10:56:38.235505] Container became healthy (STDOUT, CELL)#
#2026 07 12 10:56:48.024#Z#DEBUG#23bb74bf-7de0-11f1-86b9-eeee0a925f77.ramacapapp_02-srv#flowable-async-job-executor-thread-21867#
[PollStartAppStatusExecution] bb7b95f4-5f33-4b4b-9559-65837e6f7807 [2026-07-12T10:56:38.261779] Process became ready with guid bb7b95f4-5f33-4b4b-9559-65837e6f7807 payload: {"instance"=>"4c288c76-3fb4-4f03-6589-d984", "index"=>0, "cell_id"=>"77283d80-dfa7-40ba-ba4e-265aef112085", "ready"=>true, "version"=>"4dee5ee8-fe3c-4159-8834-d605ee5e914a"} (STDOUT, API)#
